#
# A fatal error has been detected by the Java Runtime Environment:
#
#  EXCEPTION_ACCESS_VIOLATION (0xc0000005) at pc=0x27088956, pid=25584, tid=0x00001e84
#
# JRE version: Java(TM) SE Runtime Environment (8.0_191-b12) (build 1.8.0_191-b12)
# Java VM: Java HotSpot(TM) Client VM (25.191-b12 mixed mode windows-x86 )
# Problematic frame:
# C  [listSerialsj.dll+0x8956]
#
# Failed to write core dump. Minidumps are not enabled by default on client versions of Windows
#
# If you would like to submit a bug report, please visit:
#   http://bugreport.java.com/bugreport/crash.jsp
# The crash happened outside the Java Virtual Machine in native code.
# See problematic frame for where to report the bug.
#

---------------  T H R E A D  ---------------

Current thread (0x26f20400):  JavaThread "cc.arduino.packages.discoverers.serial.SerialDiscovery" [_thread_in_native, id=7812, stack(0x2aa50000,0x2aaa0000)]

siginfo: ExceptionCode=0xc0000005, writing address 0x0000004d

Registers:
EAX=0x00000000, EBX=0x00000000, ECX=0x0e4638e8, EDX=0x00000000
ESP=0x2aa9ea70, EBP=0x73e740f0, ESI=0x0000004d, EDI=0x75b7dff0
EIP=0x27088956, EFLAGS=0x00010202

Top of Stack: (sp=0x2aa9ea70)
0x2aa9ea70:   0000fde9 00000000 73e740f0 ffffffff
0x2aa9ea80:   00000000 0000004d 00000000 00000000
0x2aa9ea90:   000000a2 73e740e8 000000a2 297e50f0
0x2aa9eaa0:   00000b48 00000015 2aa9eb08 27088cea
0x2aa9eab0:   00000b48 00220414 73e740e8 000000a2
0x2aa9eac0:   73e740e8 000000a2 2aa9eb08 00000000
0x2aa9ead0:   00350038 00000000 2708da4f 75b7f5d0
0x2aa9eae0:   297e23c0 0000001b 00000000 73e740e8 

Instructions: (pc=0x27088956)
0x27088936:   89 44 24 10 c7 44 24 0c ff ff ff ff c7 44 24 04
0x27088946:   00 00 00 00 c7 04 24 e9 fd 00 00 ff d7 83 ec 20
0x27088956:   c6 04 33 00 89 d8 83 c4 2c 5b 5e 5f 5d c3 8d b6
0x27088966:   00 00 00 00 8d bf 00 00 00 00 57 56 89 ce 53 b9 


Register to memory mapping:

EAX=0x00000000 is an unknown value
EBX=0x00000000 is an unknown value
ECX=0x0e4638e8 is an unallocated location in the heap
EDX=0x00000000 is an unknown value
ESP=0x2aa9ea70 is pointing into the stack for thread: 0x26f20400
EBP=0x73e740f0 is an unknown value
ESI=0x0000004d is an unknown value
EDI=0x75b7dff0 is an unknown value


Stack: [0x2aa50000,0x2aaa0000],  sp=0x2aa9ea70,  free space=314k
Native frames: (J=compiled Java code, j=interpreted, Vv=VM code, C=native code)
C  [listSerialsj.dll+0x8956]

Java frames: (J=compiled Java code, j=interpreted, Vv=VM code)
J 2362  processing.app.Platform.listSerialsNative()[Ljava/lang/String; (0 bytes) @ 0x035bdd8f [0x035bdd50+0x3f]
j  processing.app.Platform.listSerials()Ljava/util/List;+5
j  cc.arduino.packages.discoverers.serial.SerialDiscovery.forceRefresh()V+10
j  cc.arduino.packages.discoverers.serial.SerialDiscovery$1.run()V+20
J 2345% C1 java.util.TimerThread.mainLoop()V (232 bytes) @ 0x035b44d4 [0x035b40a0+0x434]
j  java.util.TimerThread.run()V+1
v  ~StubRoutines::call_stub

---------------  P R O C E S S  ---------------

Java Threads: ( => current thread )
  0x29f21400 JavaThread "EventThread COM5" [_thread_in_native, id=18148, stack(0x00f90000,0x00fe0000)]
  0x29f20c00 JavaThread "DestroyJavaVM" [_thread_blocked, id=22900, stack(0x030a0000,0x030f0000)]
  0x29f23400 JavaThread "TimerQueue" daemon [_thread_blocked, id=18136, stack(0x2c960000,0x2c9b0000)]
  0x29f23800 JavaThread "Batik CleanerThread" daemon [_thread_blocked, id=25696, stack(0x2b220000,0x2b270000)]
  0x29f22000 JavaThread "AWT-EventQueue-0" [_thread_blocked, id=23460, stack(0x2b020000,0x2b070000)]
  0x29f21800 JavaThread "AWT-Shutdown" [_thread_blocked, id=17084, stack(0x2a9c0000,0x2aa10000)]
  0x29ef2800 JavaThread "JmDNS(ECEB-4076-15-ad-uillinois-edu.local.).State.Timer" [_thread_blocked, id=27092, stack(0x2ae00000,0x2ae50000)]
  0x29ef2400 JavaThread "JmDNS(ECEB-4076-15-ad-uillinois-edu.local.).Timer" daemon [_thread_blocked, id=17908, stack(0x2ad70000,0x2adc0000)]
  0x29ef4c00 JavaThread "SocketListener(ECEB-4076-15-ad-uillinois-edu.local.)" daemon [_thread_in_native, id=16444, stack(0x2ace0000,0x2ad30000)]
  0x26d54800 JavaThread "Multihomed mDNS.Timer" daemon [_thread_blocked, id=27468, stack(0x27410000,0x27460000)]
=>0x26f20400 JavaThread "cc.arduino.packages.discoverers.serial.SerialDiscovery" [_thread_in_native, id=7812, stack(0x2aa50000,0x2aaa0000)]
  0x26f30000 JavaThread "AWT-Windows" daemon [_thread_in_native, id=27208, stack(0x274a0000,0x274f0000)]
  0x26f2f000 JavaThread "Java2D Disposer" daemon [_thread_blocked, id=20528, stack(0x27380000,0x273d0000)]
  0x26778800 JavaThread "Service Thread" daemon [_thread_blocked, id=8064, stack(0x26ba0000,0x26bf0000)]
  0x2677e000 JavaThread "C1 CompilerThread0" daemon [_thread_blocked, id=24876, stack(0x26b10000,0x26b60000)]
  0x2677c800 JavaThread "Attach Listener" daemon [_thread_blocked, id=20012, stack(0x26a80000,0x26ad0000)]
  0x2677ac00 JavaThread "Signal Dispatcher" daemon [_thread_blocked, id=7736, stack(0x25b90000,0x25be0000)]
  0x2675e400 JavaThread "Finalizer" daemon [_thread_blocked, id=21428, stack(0x25b00000,0x25b50000)]
  0x26758800 JavaThread "Reference Handler" daemon [_thread_blocked, id=17332, stack(0x25a70000,0x25ac0000)]

Other Threads:
  0x26743000 VMThread [stack: 0x25a20000,0x25a70000] [id=2888]
  0x26772c00 WatcherThread [stack: 0x26c30000,0x26c80000] [id=7796]

VM state:not at safepoint (normal execution)

VM Mutex/Monitor currently owned by a thread: None

Heap:
 def new generation   total 71424K, used 58006K [0x05400000, 0x0a180000, 0x0fea0000)
  eden space 63488K,  90% used [0x05400000, 0x08c461b0, 0x09200000)
  from space 7936K,   4% used [0x099c0000, 0x09a1f970, 0x0a180000)
  to   space 7936K,   0% used [0x09200000, 0x09200000, 0x099c0000)
 tenured generation   total 158628K, used 86021K [0x0fea0000, 0x19989000, 0x25400000)
   the space 158628K,  54% used [0x0fea0000, 0x152a14d8, 0x152a1600, 0x19989000)
 Metaspace       used 25236K, capacity 25776K, committed 25984K, reserved 25984K

Card table byte_map: [0x25400000,0x25510000] byte_map_base: 0x253d6000

Polling page: 0x015d0000

CodeCache: size=32768Kb used=1754Kb max_used=4322Kb free=31013Kb
 bounds [0x031c0000, 0x03600000, 0x051c0000]
 total_blobs=1089 nmethods=793 adapters=226
 compilation: enabled

Compilation events (10 events):
Event: 135989.436 Thread 0x2677e000 22395             java.util.ArrayList$Itr::hasNext (20 bytes)
Event: 135989.437 Thread 0x2677e000 nmethod 22395 0x032bb308 code [0x032bb400, 0x032bb4a0]
Event: 135989.437 Thread 0x2677e000 22396             java.util.ArrayList::access$000 (5 bytes)
Event: 135989.437 Thread 0x2677e000 nmethod 22396 0x03268bc8 code [0x03268cc0, 0x03268d30]
Event: 136008.413 Thread 0x2677e000 22397             java.util.concurrent.locks.AbstractQueuedSynchronizer$ConditionObject::doSignalAll (36 bytes)
Event: 136008.414 Thread 0x2677e000 nmethod 22397 0x033d20c8 code [0x033d21d0, 0x033d22cc]
Event: 136022.695 Thread 0x2677e000 22398             java.awt.EventDispatchThread$HierarchyEventFilter::acceptEvent (225 bytes)
Event: 136022.695 Thread 0x2677e000 nmethod 22398 0x033cfe88 code [0x033cffe0, 0x033d03d4]
Event: 136032.023 Thread 0x2677e000 22399             javax.jmdns.impl.DNSRecord$Address::getAddress (5 bytes)
Event: 136032.023 Thread 0x2677e000 nmethod 22399 0x032b5b88 code [0x032b5c80, 0x032b5d00]

GC Heap History (10 events):
Event: 133589.524 GC heap before
{Heap before GC invocations=4696 (full 4):
 def new generation   total 71424K, used 63784K [0x05400000, 0x0a180000, 0x0fea0000)
  eden space 63488K, 100% used [0x05400000, 0x09200000, 0x09200000)
  from space 7936K,   3% used [0x09200000, 0x0924a148, 0x099c0000)
  to   space 7936K,   0% used [0x099c0000, 0x099c0000, 0x0a180000)
 tenured generation   total 158628K, used 85999K [0x0fea0000, 0x19989000, 0x25400000)
   the space 158628K,  54% used [0x0fea0000, 0x1529bf58, 0x1529c000, 0x19989000)
 Metaspace       used 25236K, capacity 25776K, committed 25984K, reserved 25984K
Event: 133589.525 GC heap after
Heap after GC invocations=4697 (full 4):
 def new generation   total 71424K, used 329K [0x05400000, 0x0a180000, 0x0fea0000)
  eden space 63488K,   0% used [0x05400000, 0x05400000, 0x09200000)
  from space 7936K,   4% used [0x099c0000, 0x09a126d8, 0x0a180000)
  to   space 7936K,   0% used [0x09200000, 0x09200000, 0x099c0000)
 tenured generation   total 158628K, used 86003K [0x0fea0000, 0x19989000, 0x25400000)
   the space 158628K,  54% used [0x0fea0000, 0x1529cf18, 0x1529d000, 0x19989000)
 Metaspace       used 25236K, capacity 25776K, committed 25984K, reserved 25984K
}
Event: 134091.164 GC heap before
{Heap before GC invocations=4697 (full 4):
 def new generation   total 71424K, used 63817K [0x05400000, 0x0a180000, 0x0fea0000)
  eden space 63488K, 100% used [0x05400000, 0x09200000, 0x09200000)
  from space 7936K,   4% used [0x099c0000, 0x09a126d8, 0x0a180000)
  to   space 7936K,   0% used [0x09200000, 0x09200000, 0x099c0000)
 tenured generation   total 158628K, used 86003K [0x0fea0000, 0x19989000, 0x25400000)
   the space 158628K,  54% used [0x0fea0000, 0x1529cf18, 0x1529d000, 0x19989000)
 Metaspace       used 25236K, capacity 25776K, committed 25984K, reserved 25984K
Event: 134091.165 GC heap after
Heap after GC invocations=4698 (full 4):
 def new generation   total 71424K, used 304K [0x05400000, 0x0a180000, 0x0fea0000)
  eden space 63488K,   0% used [0x05400000, 0x05400000, 0x09200000)
  from space 7936K,   3% used [0x09200000, 0x0924c120, 0x099c0000)
  to   space 7936K,   0% used [0x099c0000, 0x099c0000, 0x0a180000)
 tenured generation   total 158628K, used 86006K [0x0fea0000, 0x19989000, 0x25400000)
   the space 158628K,  54% used [0x0fea0000, 0x1529dbd8, 0x1529dc00, 0x19989000)
 Metaspace       used 25236K, capacity 25776K, committed 25984K, reserved 25984K
}
Event: 134665.158 GC heap before
{Heap before GC invocations=4698 (full 4):
 def new generation   total 71424K, used 63792K [0x05400000, 0x0a180000, 0x0fea0000)
  eden space 63488K, 100% used [0x05400000, 0x09200000, 0x09200000)
  from space 7936K,   3% used [0x09200000, 0x0924c120, 0x099c0000)
  to   space 7936K,   0% used [0x099c0000, 0x099c0000, 0x0a180000)
 tenured generation   total 158628K, used 86006K [0x0fea0000, 0x19989000, 0x25400000)
   the space 158628K,  54% used [0x0fea0000, 0x1529dbd8, 0x1529dc00, 0x19989000)
 Metaspace       used 25236K, capacity 25776K, committed 25984K, reserved 25984K
Event: 134665.159 GC heap after
Heap after GC invocations=4699 (full 4):
 def new generation   total 71424K, used 311K [0x05400000, 0x0a180000, 0x0fea0000)
  eden space 63488K,   0% used [0x05400000, 0x05400000, 0x09200000)
  from space 7936K,   3% used [0x099c0000, 0x09a0dc48, 0x0a180000)
  to   space 7936K,   0% used [0x09200000, 0x09200000, 0x099c0000)
 tenured generation   total 158628K, used 86011K [0x0fea0000, 0x19989000, 0x25400000)
   the space 158628K,  54% used [0x0fea0000, 0x1529ecd8, 0x1529ee00, 0x19989000)
 Metaspace       used 25236K, capacity 25776K, committed 25984K, reserved 25984K
}
Event: 135210.218 GC heap before
{Heap before GC invocations=4699 (full 4):
 def new generation   total 71424K, used 63799K [0x05400000, 0x0a180000, 0x0fea0000)
  eden space 63488K, 100% used [0x05400000, 0x09200000, 0x09200000)
  from space 7936K,   3% used [0x099c0000, 0x09a0dc48, 0x0a180000)
  to   space 7936K,   0% used [0x09200000, 0x09200000, 0x099c0000)
 tenured generation   total 158628K, used 86011K [0x0fea0000, 0x19989000, 0x25400000)
   the space 158628K,  54% used [0x0fea0000, 0x1529ecd8, 0x1529ee00, 0x19989000)
 Metaspace       used 25236K, capacity 25776K, committed 25984K, reserved 25984K
Event: 135210.219 GC heap after
Heap after GC invocations=4700 (full 4):
 def new generation   total 71424K, used 318K [0x05400000, 0x0a180000, 0x0fea0000)
  eden space 63488K,   0% used [0x05400000, 0x05400000, 0x09200000)
  from space 7936K,   4% used [0x09200000, 0x0924f838, 0x099c0000)
  to   space 7936K,   0% used [0x099c0000, 0x099c0000, 0x0a180000)
 tenured generation   total 158628K, used 86015K [0x0fea0000, 0x19989000, 0x25400000)
   the space 158628K,  54% used [0x0fea0000, 0x1529fdb8, 0x1529fe00, 0x19989000)
 Metaspace       used 25236K, capacity 25776K, committed 25984K, reserved 25984K
}
Event: 135599.188 GC heap before
{Heap before GC invocations=4700 (full 4):
 def new generation   total 71424K, used 63806K [0x05400000, 0x0a180000, 0x0fea0000)
  eden space 63488K, 100% used [0x05400000, 0x09200000, 0x09200000)
  from space 7936K,   4% used [0x09200000, 0x0924f838, 0x099c0000)
  to   space 7936K,   0% used [0x099c0000, 0x099c0000, 0x0a180000)
 tenured generation   total 158628K, used 86015K [0x0fea0000, 0x19989000, 0x25400000)
   the space 158628K,  54% used [0x0fea0000, 0x1529fdb8, 0x1529fe00, 0x19989000)
 Metaspace       used 25236K, capacity 25776K, committed 25984K, reserved 25984K
Event: 135599.190 GC heap after
Heap after GC invocations=4701 (full 4):
 def new generation   total 71424K, used 382K [0x05400000, 0x0a180000, 0x0fea0000)
  eden space 63488K,   0% used [0x05400000, 0x05400000, 0x09200000)
  from space 7936K,   4% used [0x099c0000, 0x09a1f970, 0x0a180000)
  to   space 7936K,   0% used [0x09200000, 0x09200000, 0x099c0000)
 tenured generation   total 158628K, used 86021K [0x0fea0000, 0x19989000, 0x25400000)
   the space 158628K,  54% used [0x0fea0000, 0x152a14d8, 0x152a1600, 0x19989000)
 Metaspace       used 25236K, capacity 25776K, committed 25984K, reserved 25984K
}

Deoptimization events (0 events):
No events

Classes redefined (0 events):
No events

Internal exceptions (10 events):
Event: 129108.639 Thread 0x29f20000 Exception <a 'sun/nio/fs/WindowsException'> (0x05d31200) thrown at [C:\workspace\8-2-build-windows-i586-cygwin\jdk8u191\11896\hotspot\src\share\vm\prims\jni.cpp, line 709]
Event: 129108.639 Thread 0x29f20000 Exception <a 'sun/nio/fs/WindowsException'> (0x05d31730) thrown at [C:\workspace\8-2-build-windows-i586-cygwin\jdk8u191\11896\hotspot\src\share\vm\prims\jni.cpp, line 709]
Event: 129108.642 Thread 0x29f20000 Exception <a 'sun/nio/fs/WindowsException'> (0x05d413a8) thrown at [C:\workspace\8-2-build-windows-i586-cygwin\jdk8u191\11896\hotspot\src\share\vm\prims\jni.cpp, line 709]
Event: 129108.642 Thread 0x29f20000 Exception <a 'sun/nio/fs/WindowsException'> (0x05d418d8) thrown at [C:\workspace\8-2-build-windows-i586-cygwin\jdk8u191\11896\hotspot\src\share\vm\prims\jni.cpp, line 709]
Event: 129108.644 Thread 0x29f20000 Exception <a 'sun/nio/fs/WindowsException'> (0x05d53018) thrown at [C:\workspace\8-2-build-windows-i586-cygwin\jdk8u191\11896\hotspot\src\share\vm\prims\jni.cpp, line 709]
Event: 129108.644 Thread 0x29f20000 Exception <a 'sun/nio/fs/WindowsException'> (0x05d53728) thrown at [C:\workspace\8-2-build-windows-i586-cygwin\jdk8u191\11896\hotspot\src\share\vm\prims\jni.cpp, line 709]
Event: 129108.645 Thread 0x29f20000 Exception <a 'sun/nio/fs/WindowsException'> (0x05d5d548) thrown at [C:\workspace\8-2-build-windows-i586-cygwin\jdk8u191\11896\hotspot\src\share\vm\prims\jni.cpp, line 709]
Event: 129108.645 Thread 0x29f20000 Exception <a 'sun/nio/fs/WindowsException'> (0x05d5dc58) thrown at [C:\workspace\8-2-build-windows-i586-cygwin\jdk8u191\11896\hotspot\src\share\vm\prims\jni.cpp, line 709]
Event: 129108.646 Thread 0x29f20000 Exception <a 'sun/nio/fs/WindowsException'> (0x05d68268) thrown at [C:\workspace\8-2-build-windows-i586-cygwin\jdk8u191\11896\hotspot\src\share\vm\prims\jni.cpp, line 709]
Event: 129108.646 Thread 0x29f20000 Exception <a 'sun/nio/fs/WindowsException'> (0x05d68978) thrown at [C:\workspace\8-2-build-windows-i586-cygwin\jdk8u191\11896\hotspot\src\share\vm\prims\jni.cpp, line 709]

Events (10 events):
Event: 135989.437 Thread 0x2677e000 flushing nmethod 0x033d0148
Event: 135989.437 Thread 0x2677e000 flushing nmethod 0x033ec748
Event: 135989.437 Thread 0x2677e000 flushing nmethod 0x03542708
Event: 135989.437 Thread 0x2677e000 flushing nmethod 0x03547788
Event: 135989.437 Thread 0x2677e000 flushing nmethod 0x03547a08
Event: 136008.414 Thread 0x2677e000 flushing nmethod 0x032ae388
Event: 136008.414 Thread 0x2677e000 flushing nmethod 0x032ae748
Event: 136022.695 Thread 0x2677e000 flushing nmethod 0x032c8908
Event: 136032.023 Thread 0x2677e000 flushing nmethod 0x034e5348
Event: 136032.023 Thread 0x2677e000 flushing nmethod 0x03547488


Dynamic libraries:
0x00f50000 - 0x00f83000 	C:\Program Files (x86)\Arduino\java\bin\javaw.exe
0x770a0000 - 0x77243000 	C:\Windows\SYSTEM32\ntdll.dll
0x75b60000 - 0x75c50000 	C:\Windows\System32\KERNEL32.DLL
0x762c0000 - 0x764d4000 	C:\Windows\System32\KERNELBASE.dll
0x76e90000 - 0x76f0a000 	C:\Windows\System32\ADVAPI32.dll
0x75800000 - 0x758bf000 	C:\Windows\System32\msvcrt.dll
0x75dd0000 - 0x75e45000 	C:\Windows\System32\sechost.dll
0x764e0000 - 0x765a0000 	C:\Windows\System32\RPCRT4.dll
0x75ec0000 - 0x76056000 	C:\Windows\System32\USER32.dll
0x768c0000 - 0x768d8000 	C:\Windows\System32\win32u.dll
0x760a0000 - 0x760c3000 	C:\Windows\System32\GDI32.dll
0x765a0000 - 0x7667c000 	C:\Windows\System32\gdi32full.dll
0x760d0000 - 0x7614b000 	C:\Windows\System32\msvcp_win.dll
0x76f10000 - 0x77030000 	C:\Windows\System32\ucrtbase.dll
0x6da50000 - 0x6dc60000 	C:\Windows\WinSxS\x86_microsoft.windows.common-controls_6595b64144ccf1df_6.0.19041.844_none_11adecdf30011423\COMCTL32.dll
0x75da0000 - 0x75dc5000 	C:\Windows\System32\IMM32.DLL
0x6c440000 - 0x6c4ff000 	C:\Program Files (x86)\Arduino\java\bin\msvcr100.dll
0x77c20000 - 0x77ff3000 	C:\Program Files (x86)\Arduino\java\bin\client\jvm.dll
0x75eb0000 - 0x75eb6000 	C:\Windows\System32\PSAPI.DLL
0x74e90000 - 0x74eb8000 	C:\Windows\SYSTEM32\WINMM.dll
0x6d340000 - 0x6d348000 	C:\Windows\SYSTEM32\WSOCK32.dll
0x74a80000 - 0x74a88000 	C:\Windows\SYSTEM32\VERSION.dll
0x75600000 - 0x75663000 	C:\Windows\System32\WS2_32.dll
0x6cd10000 - 0x6cd40000 	C:\Program Files (x86)\Arduino\java\bin\splashscreen.dll
0x73db0000 - 0x73e24000 	C:\Windows\system32\uxtheme.dll
0x758d0000 - 0x75b52000 	C:\Windows\System32\combase.dll
0x6dd40000 - 0x6dd4c000 	C:\Program Files (x86)\Arduino\java\bin\verify.dll
0x6c410000 - 0x6c432000 	C:\Program Files (x86)\Arduino\java\bin\java.dll
0x76150000 - 0x76223000 	C:\Windows\System32\MSCTF.dll
0x75cb0000 - 0x75d46000 	C:\Windows\System32\OLEAUT32.dll
0x6dc60000 - 0x6dc74000 	C:\Program Files (x86)\Arduino\java\bin\zip.dll
0x746c0000 - 0x746cf000 	C:\Windows\SYSTEM32\kernel.appcore.dll
0x76860000 - 0x768bd000 	C:\Windows\System32\bcryptPrimitives.dll
0x606b0000 - 0x60769000 	C:\Windows\SYSTEM32\textinputframework.dll
0x60610000 - 0x606ab000 	C:\Windows\System32\CoreMessaging.dll
0x60390000 - 0x6060e000 	C:\Windows\System32\CoreUIComponents.dll
0x76680000 - 0x76707000 	C:\Windows\System32\SHCORE.dll
0x62010000 - 0x620eb000 	C:\Windows\SYSTEM32\wintypes.dll
0x73710000 - 0x73739000 	C:\Windows\SYSTEM32\ntmarta.dll
0x75040000 - 0x755f3000 	C:\Windows\System32\SHELL32.dll
0x737a0000 - 0x73da9000 	C:\Windows\SYSTEM32\windows.storage.dll
0x73740000 - 0x73764000 	C:\Windows\SYSTEM32\Wldp.dll
0x76710000 - 0x76755000 	C:\Windows\System32\shlwapi.dll
0x72110000 - 0x72128000 	C:\Windows\SYSTEM32\profapi.dll
0x27080000 - 0x270f3000 	C:\Program Files (x86)\Arduino\lib\listSerialsj.dll
0x768e0000 - 0x76d15000 	C:\Windows\System32\SETUPAPI.dll
0x76060000 - 0x7609b000 	C:\Windows\System32\cfgmgr32.dll
0x76790000 - 0x767a9000 	C:\Windows\System32\bcrypt.dll
0x6c3f0000 - 0x6c40d000 	C:\Program Files (x86)\Arduino\lib\jnidispatch-4.2.2-win32-x86.dll
0x74f50000 - 0x75033000 	C:\Windows\System32\Ole32.dll
0x6c3d0000 - 0x6c3e5000 	C:\Program Files (x86)\Arduino\java\bin\net.dll
0x72130000 - 0x72182000 	C:\Windows\system32\mswsock.dll
0x6d020000 - 0x6d02f000 	C:\Program Files (x86)\Arduino\java\bin\nio.dll
0x51980000 - 0x51ac7000 	C:\Program Files (x86)\Arduino\java\bin\awt.dll
0x6d370000 - 0x6d40f000 	C:\Windows\SYSTEM32\apphelp.dll
0x73770000 - 0x73796000 	C:\Windows\system32\DWMAPI.DLL
0x6c390000 - 0x6c3c9000 	C:\Program Files (x86)\Arduino\java\bin\fontmanager.dll
0x51870000 - 0x51974000 	C:\Windows\system32\opengl32.dll
0x6c350000 - 0x6c38f000 	C:\Windows\SYSTEM32\GLU32.dll
0x6c310000 - 0x6c342000 	C:\Program Files (x86)\Arduino\java\bin\t2k.dll
0x6c300000 - 0x6c30a000 	C:\Program Files (x86)\Arduino\java\bin\management.dll
0x6ccc0000 - 0x6ccd1000 	C:\Windows\system32\napinsp.dll
0x6ca20000 - 0x6ca36000 	C:\Windows\system32\pnrpnsp.dll
0x6ca10000 - 0x6ca20000 	C:\Windows\system32\wshbth.dll
0x7b5d0000 - 0x7b5e6000 	C:\Windows\system32\NLAapi.dll
0x74e30000 - 0x74e62000 	C:\Windows\SYSTEM32\IPHLPAPI.DLL
0x6e0a0000 - 0x6e132000 	C:\Windows\SYSTEM32\DNSAPI.dll
0x758c0000 - 0x758c7000 	C:\Windows\System32\NSI.dll
0x6c040000 - 0x6c04e000 	C:\Windows\System32\winrnr.dll
0x6ded0000 - 0x6df28000 	C:\Windows\System32\fwpuclnt.dll
0x6df30000 - 0x6df38000 	C:\Windows\System32\rasadhlp.dll
0x72040000 - 0x72054000 	C:\Windows\SYSTEM32\dhcpcsvc6.DLL
0x746d0000 - 0x746e6000 	C:\Windows\SYSTEM32\dhcpcsvc.DLL
0x720f0000 - 0x72103000 	C:\Windows\SYSTEM32\CRYPTSP.dll
0x720b0000 - 0x720df000 	C:\Windows\system32\rsaenh.dll
0x74a90000 - 0x74ab5000 	C:\Windows\SYSTEM32\USERENV.dll
0x74870000 - 0x7487a000 	C:\Windows\SYSTEM32\CRYPTBASE.dll
0x587b0000 - 0x587d4000 	C:\Windows\SYSTEM32\DEVOBJ.dll
0x75d50000 - 0x75d97000 	C:\Windows\System32\WINTRUST.dll
0x75670000 - 0x75771000 	C:\Windows\System32\CRYPT32.dll
0x73f00000 - 0x73f0e000 	C:\Windows\SYSTEM32\MSASN1.dll
0x51800000 - 0x51869000 	C:\Program Files (x86)\Arduino\msvcp100.dll
0x51740000 - 0x517fe000 	C:\Program Files (x86)\Arduino\msvcr100.dll
0x2b070000 - 0x2b0a2000 	C:\Program Files (x86)\Arduino\lib\AStylej.dll
0x6c2d0000 - 0x6c2f4000 	C:\Program Files (x86)\Arduino\java\bin\dcpr.dll
0x75780000 - 0x757fe000 	C:\Windows\System32\clbcatq.dll
0x58300000 - 0x58471000 	C:\Windows\SYSTEM32\WindowsCodecs.dll
0x5dcd0000 - 0x5dd01000 	C:\Windows\system32\dataexchange.dll
0x660e0000 - 0x662c0000 	C:\Windows\system32\d3d11.dll
0x5db60000 - 0x5dcc4000 	C:\Windows\system32\dcomp.dll
0x6ce20000 - 0x6cee2000 	C:\Windows\system32\dxgi.dll
0x61aa0000 - 0x61c2f000 	C:\Windows\system32\twinapi.appcore.dll
0x6c2b0000 - 0x6c2d0000 	C:\Program Files (x86)\Arduino\java\bin\sunec.dll
0x6c070000 - 0x6c079000 	C:\Program Files (x86)\Arduino\java\bin\sunmscapi.dll
0x02e70000 - 0x02e8b000 	C:\Program Files (x86)\Arduino\lib\jSSC-2.8_x86.dll

VM Arguments:
jvm_args: -Dsun.java2d.d3d=false -Djna.nosys=true -Djna.nounpack=true -Djna.boot.library.name=jnidispatch-4.2.2-win32-x86 -Djna.boot.library.path=C:\Program Files (x86)\Arduino/lib -Djssc.library.path=C:\Program Files (x86)\Arduino/lib -DAPP_DIR=C:\Program Files (x86)\Arduino -Xms128M -Xmx512M -Dfile.encoding=UTF8 -Djava.net.preferIPv4Stack=true 
java_command: processing.app.Base C:\Users\zholbar1\Documents\microgrid_testbed\APRA-E MST project\Q4\Arduino\Node14_modbus\Node14_modbus.ino
java_class_path (initial): C:\Program Files (x86)\Arduino\lib\apple.jar;C:\Program Files (x86)\Arduino\lib\arduino-core.jar;C:\Program Files (x86)\Arduino\lib\batik-1.8.jar;C:\Program Files (x86)\Arduino\lib\batik-anim-1.8.jar;C:\Program Files (x86)\Arduino\lib\batik-awt-util-1.8.jar;C:\Program Files (x86)\Arduino\lib\batik-bridge-1.8.jar;C:\Program Files (x86)\Arduino\lib\batik-codec-1.8.jar;C:\Program Files (x86)\Arduino\lib\batik-css-1.8.jar;C:\Program Files (x86)\Arduino\lib\batik-dom-1.8.jar;C:\Program Files (x86)\Arduino\lib\batik-ext-1.8.jar;C:\Program Files (x86)\Arduino\lib\batik-gvt-1.8.jar;C:\Program Files (x86)\Arduino\lib\batik-parser-1.8.jar;C:\Program Files (x86)\Arduino\lib\batik-rasterizer-1.8.jar;C:\Program Files (x86)\Arduino\lib\batik-script-1.8.jar;C:\Program Files (x86)\Arduino\lib\batik-squiggle-1.8.jar;C:\Program Files (x86)\Arduino\lib\batik-svg-dom-1.8.jar;C:\Program Files (x86)\Arduino\lib\batik-svgpp-1.8.jar;C:\Program Files (x86)\Arduino\lib\batik-transcoder-1.8.jar;C:\Program Files (x86)\Arduino\lib\batik-util-1.8.jar;C:\Program Files (x86)\Arduino\lib\batik-xml-1.8.jar;C:\Program Files (x86)\Arduino\lib\bcpg-jdk15on-152.jar;C:\Program Files (x86)\Arduino\lib\bcprov-jdk15on-152.jar;C:\Program Files (x86)\Arduino\lib\commons-codec-1.7.jar;C:\Program Files (x86)\Arduino\lib\commons-compress-1.8.jar;C:\Program Files (x86)\Arduino\lib\commons-exec-1.1.jar;C:\Program Files (x86)\Arduino\lib\commons-httpclient-3.1.jar;C:\Program Files (x86)\Arduino\lib\commons-lang3-3.8.1.jar;C:\Program Files (x86)\Arduino\lib\commons-logging-1.0.4.jar;C:\Program Files (x86)\Arduino\lib\commons-net-3.3.jar;C:\Program Files (x86)\Arduino\lib\commons-io-2.6.jar;C:\Program Files (x86)\Arduino\lib\jackson-annotations-2.9.5.jar;C:\Program Files (x86)\Arduino\lib\jackson-core-2.9.5.jar;C:\Program Files (x86)\Arduino\lib\jackson-databind-2.9.5.jar;C:\Program Files (x86)\Arduino\lib\java-semver-0.8.0.jar;C:\Program Files (x86)\Arduino\lib\jmdns-3.5.5.jar;C:\Program
Launcher Type: SUN_STANDARD

Environment Variables:
PATH=C:\Program Files\Typhoon HIL Control Center 2021.2\bin\;C:\Windows\system32;C:\Windows;C:\Windows\System32\Wbem;C:\Windows\System32\WindowsPowerShell\v1.0\;C:\Windows\System32\OpenSSH\;C:\Program Files (x86)\Wolfram Research\WolframScript\;C:\Program Files\MATLAB\R2020a\runtime\win64;C:\Program Files\MATLAB\R2020a\bin;C:\Program Files\Microsoft SQL Server\120\Tools\Binn\;C:\Program Files (x86)\Intel\Intel(R) Management Engine Components\DAL;C:\Program Files\Intel\Intel(R) Management Engine Components\DAL;C:\Program Files\Git\cmd;C:\Users\zholbar1\AppData\Local\Microsoft\WindowsApps;;C:\Program Files (x86)\Arduino\java\bin
USERNAME=zholbar1
OS=Windows_NT
PROCESSOR_IDENTIFIER=Intel64 Family 6 Model 158 Stepping 9, GenuineIntel



---------------  S Y S T E M  ---------------

OS: Windows 10.0 , 64 bit Build 19041 (10.0.19041.928)

CPU:total 8 (initial active 8) (4 cores per cpu, 2 threads per core) family 6 model 158 stepping 9, cmov, cx8, fxsr, mmx, sse, sse2, sse3, ssse3, sse4.1, sse4.2, popcnt, avx, avx2, aes, clmul, erms, rtm, 3dnowpref, lzcnt, ht, tsc, tscinvbit, bmi1, bmi2, adx

Memory: 4k page, physical 16666184k(5727364k free), swap 38291976k(7338504k free)

vm_info: Java HotSpot(TM) Client VM (25.191-b12) for windows-x86 JRE (1.8.0_191-b12), built on Oct  6 2018 08:34:23 by "java_re" with MS VC++ 10.0 (VS2010)

time: Wed May 19 07:27:25 2021
elapsed time: 136056 seconds (1d 13h 47m 36s)

