#
# A fatal error has been detected by the Java Runtime Environment:
#
#  EXCEPTION_ACCESS_VIOLATION (0xc0000005) at pc=0x265c8956, pid=18428, tid=0x000060ac
#
# JRE version: Java(TM) SE Runtime Environment (8.0_191-b12) (build 1.8.0_191-b12)
# Java VM: Java HotSpot(TM) Client VM (25.191-b12 mixed mode windows-x86 )
# Problematic frame:
# C  [listSerialsj.dll+0x8956]
#
# Failed to write core dump. Minidumps are not enabled by default on client versions of Windows
#
# If you would like to submit a bug report, please visit:
#   http://bugreport.java.com/bugreport/crash.jsp
# The crash happened outside the Java Virtual Machine in native code.
# See problematic frame for where to report the bug.
#

---------------  T H R E A D  ---------------

Current thread (0x26276000):  JavaThread "cc.arduino.packages.discoverers.serial.SerialDiscovery" [_thread_in_native, id=24748, stack(0x28490000,0x284e0000)]

siginfo: ExceptionCode=0xc0000005, writing address 0x0000004c

Registers:
EAX=0x00000000, EBX=0x00000000, ECX=0xd0ac1a14, EDX=0x00000000
ESP=0x284deee0, EBP=0x271337e0, ESI=0x0000004c, EDI=0x75b7dff0
EIP=0x265c8956, EFLAGS=0x00010202

Top of Stack: (sp=0x284deee0)
0x284deee0:   0000fde9 00000000 271337e0 ffffffff
0x284deef0:   00000000 0000004c 00000000 00000000
0x284def00:   000000a0 271337d8 000000a0 7a90ed68
0x284def10:   00000b38 00000001 284def78 265c8cea
0x284def20:   00000b38 00220414 271337d8 000000a0
0x284def30:   271337d8 000000a0 284def78 00000000
0x284def40:   00000002 00000000 284df12c 75b7f5d0
0x284def50:   27142e48 00000005 00000000 271337d8 

Instructions: (pc=0x265c8956)
0x265c8936:   89 44 24 10 c7 44 24 0c ff ff ff ff c7 44 24 04
0x265c8946:   00 00 00 00 c7 04 24 e9 fd 00 00 ff d7 83 ec 20
0x265c8956:   c6 04 33 00 89 d8 83 c4 2c 5b 5e 5f 5d c3 8d b6
0x265c8966:   00 00 00 00 8d bf 00 00 00 00 57 56 89 ce 53 b9 


Register to memory mapping:

EAX=0x00000000 is an unknown value
EBX=0x00000000 is an unknown value
ECX=0xd0ac1a14 is an unknown value
EDX=0x00000000 is an unknown value
ESP=0x284deee0 is pointing into the stack for thread: 0x26276000
EBP=0x271337e0 is an unknown value
ESI=0x0000004c is an unknown value
EDI=0x75b7dff0 is an unknown value


Stack: [0x28490000,0x284e0000],  sp=0x284deee0,  free space=315k
Native frames: (J=compiled Java code, j=interpreted, Vv=VM code, C=native code)
C  [listSerialsj.dll+0x8956]

Java frames: (J=compiled Java code, j=interpreted, Vv=VM code)
J 7800  processing.app.Platform.listSerialsNative()[Ljava/lang/String; (0 bytes) @ 0x0296bdcf [0x0296bd90+0x3f]
j  processing.app.Platform.listSerials()Ljava/util/List;+5
j  cc.arduino.packages.discoverers.serial.SerialDiscovery.forceRefresh()V+10
j  cc.arduino.packages.discoverers.serial.SerialDiscovery$1.run()V+20
J 3424% C1 java.util.TimerThread.mainLoop()V (232 bytes) @ 0x028a6954 [0x028a6520+0x434]
j  java.util.TimerThread.run()V+1
v  ~StubRoutines::call_stub

---------------  P R O C E S S  ---------------

Java Threads: ( => current thread )
  0x27beac00 JavaThread "EventThread COM19" [_thread_in_native, id=5560, stack(0x00860000,0x008b0000)]
  0x27bec000 JavaThread "DestroyJavaVM" [_thread_blocked, id=28264, stack(0x02670000,0x026c0000)]
  0x27a99000 JavaThread "TimerQueue" daemon [_thread_blocked, id=13940, stack(0x2a430000,0x2a480000)]
  0x27a98000 JavaThread "Batik CleanerThread" daemon [_thread_blocked, id=15364, stack(0x28c30000,0x28c80000)]
  0x27a9ac00 JavaThread "AWT-EventQueue-0" [_thread_blocked, id=27384, stack(0x28a60000,0x28ab0000)]
  0x27a9bc00 JavaThread "AWT-Shutdown" [_thread_blocked, id=26876, stack(0x28400000,0x28450000)]
  0x27a72800 JavaThread "JmDNS(ECEB-4076-15-ad-uillinois-edu.local.).State.Timer" [_thread_blocked, id=14628, stack(0x28840000,0x28890000)]
  0x27a54000 JavaThread "JmDNS(ECEB-4076-15-ad-uillinois-edu.local.).Timer" daemon [_thread_blocked, id=22308, stack(0x287b0000,0x28800000)]
  0x27a4c800 JavaThread "SocketListener(ECEB-4076-15-ad-uillinois-edu.local.)" daemon [_thread_in_native, id=13340, stack(0x28720000,0x28770000)]
  0x27968c00 JavaThread "Multihomed mDNS.Timer" daemon [_thread_blocked, id=14212, stack(0x26950000,0x269a0000)]
=>0x26276000 JavaThread "cc.arduino.packages.discoverers.serial.SerialDiscovery" [_thread_in_native, id=24748, stack(0x28490000,0x284e0000)]
  0x26477800 JavaThread "AWT-Windows" daemon [_thread_in_native, id=20536, stack(0x269e0000,0x26a30000)]
  0x26476800 JavaThread "Java2D Disposer" daemon [_thread_blocked, id=2236, stack(0x268c0000,0x26910000)]
  0x25af8800 JavaThread "Service Thread" daemon [_thread_blocked, id=11384, stack(0x260e0000,0x26130000)]
  0x25afe000 JavaThread "C1 CompilerThread0" daemon [_thread_blocked, id=16988, stack(0x26050000,0x260a0000)]
  0x25afc800 JavaThread "Attach Listener" daemon [_thread_blocked, id=12812, stack(0x25fc0000,0x26010000)]
  0x25afac00 JavaThread "Signal Dispatcher" daemon [_thread_blocked, id=23212, stack(0x048f0000,0x04940000)]
  0x25ade400 JavaThread "Finalizer" daemon [_thread_blocked, id=25296, stack(0x25e20000,0x25e70000)]
  0x25ad8800 JavaThread "Reference Handler" daemon [_thread_blocked, id=24728, stack(0x25d90000,0x25de0000)]

Other Threads:
  0x25ac3000 VMThread [stack: 0x25d00000,0x25d50000] [id=15988]
  0x25b2d800 WatcherThread [stack: 0x26170000,0x261c0000] [id=1116]

VM state:not at safepoint (normal execution)

VM Mutex/Monitor currently owned by a thread: None

Heap:
 def new generation   total 68352K, used 52646K [0x04a00000, 0x09420000, 0x0f4a0000)
  eden space 60800K,  85% used [0x04a00000, 0x07c840e0, 0x08560000)
  from space 7552K,  12% used [0x08cc0000, 0x08da5740, 0x09420000)
  to   space 7552K,   0% used [0x08560000, 0x08560000, 0x08cc0000)
 tenured generation   total 151748K, used 66761K [0x0f4a0000, 0x188d1000, 0x24a00000)
   the space 151748K,  43% used [0x0f4a0000, 0x135d2488, 0x135d2600, 0x188d1000)
 Metaspace       used 25217K, capacity 25744K, committed 25856K, reserved 25984K

Card table byte_map: [0x24a00000,0x24b10000] byte_map_base: 0x249db000

Polling page: 0x02450000

CodeCache: size=32768Kb used=1711Kb max_used=4377Kb free=31056Kb
 bounds [0x02790000, 0x02bd8000, 0x04790000]
 total_blobs=1046 nmethods=750 adapters=226
 compilation: enabled

Compilation events (10 events):
Event: 136203.709 Thread 0x25afe000 47960             java.util.HashMap::hash (20 bytes)
Event: 136203.709 Thread 0x25afe000 nmethod 47960 0x0284b848 code [0x0284b940, 0x0284b9dc]
Event: 136203.709 Thread 0x25afe000 47961             java.util.HashMap::removeNode (291 bytes)
Event: 136203.709 Thread 0x25afe000 nmethod 47961 0x02839508 code [0x02839680, 0x02839b08]
Event: 136204.080 Thread 0x25afe000 47962             java.util.concurrent.locks.AbstractQueuedSynchronizer::release (33 bytes)
Event: 136204.081 Thread 0x25afe000 nmethod 47962 0x0289b808 code [0x0289b920, 0x0289ba18]
Event: 136205.004 Thread 0x25afe000 47963             javax.swing.text.PlainView::drawUnselectedText (57 bytes)
Event: 136205.005 Thread 0x25afe000 nmethod 47963 0x029380c8 code [0x02938220, 0x02938498]
Event: 136205.005 Thread 0x25afe000 47964             javax.swing.text.PlainView::drawElement (399 bytes)
Event: 136205.005 Thread 0x25afe000 nmethod 47964 0x02abbd48 code [0x02abbf40, 0x02abc52c]

GC Heap History (10 events):
Event: 133432.647 GC heap before
{Heap before GC invocations=272 (full 4):
 def new generation   total 68352K, used 61371K [0x04a00000, 0x09420000, 0x0f4a0000)
  eden space 60800K, 100% used [0x04a00000, 0x08560000, 0x08560000)
  from space 7552K,   7% used [0x08560000, 0x085eef38, 0x08cc0000)
  to   space 7552K,   0% used [0x08cc0000, 0x08cc0000, 0x09420000)
 tenured generation   total 151748K, used 66714K [0x0f4a0000, 0x188d1000, 0x24a00000)
   the space 151748K,  43% used [0x0f4a0000, 0x135c6b88, 0x135c6c00, 0x188d1000)
 Metaspace       used 25217K, capacity 25744K, committed 25856K, reserved 25984K
Event: 133432.649 GC heap after
Heap after GC invocations=273 (full 4):
 def new generation   total 68352K, used 592K [0x04a00000, 0x09420000, 0x0f4a0000)
  eden space 60800K,   0% used [0x04a00000, 0x04a00000, 0x08560000)
  from space 7552K,   7% used [0x08cc0000, 0x08d54330, 0x09420000)
  to   space 7552K,   0% used [0x08560000, 0x08560000, 0x08cc0000)
 tenured generation   total 151748K, used 66722K [0x0f4a0000, 0x188d1000, 0x24a00000)
   the space 151748K,  43% used [0x0f4a0000, 0x135c89d8, 0x135c8a00, 0x188d1000)
 Metaspace       used 25217K, capacity 25744K, committed 25856K, reserved 25984K
}
Event: 134069.347 GC heap before
{Heap before GC invocations=273 (full 4):
 def new generation   total 68352K, used 61392K [0x04a00000, 0x09420000, 0x0f4a0000)
  eden space 60800K, 100% used [0x04a00000, 0x08560000, 0x08560000)
  from space 7552K,   7% used [0x08cc0000, 0x08d54330, 0x09420000)
  to   space 7552K,   0% used [0x08560000, 0x08560000, 0x08cc0000)
 tenured generation   total 151748K, used 66722K [0x0f4a0000, 0x188d1000, 0x24a00000)
   the space 151748K,  43% used [0x0f4a0000, 0x135c89d8, 0x135c8a00, 0x188d1000)
 Metaspace       used 25217K, capacity 25744K, committed 25856K, reserved 25984K
Event: 134069.348 GC heap after
Heap after GC invocations=274 (full 4):
 def new generation   total 68352K, used 578K [0x04a00000, 0x09420000, 0x0f4a0000)
  eden space 60800K,   0% used [0x04a00000, 0x04a00000, 0x08560000)
  from space 7552K,   7% used [0x08560000, 0x085f0bf8, 0x08cc0000)
  to   space 7552K,   0% used [0x08cc0000, 0x08cc0000, 0x09420000)
 tenured generation   total 151748K, used 66731K [0x0f4a0000, 0x188d1000, 0x24a00000)
   the space 151748K,  43% used [0x0f4a0000, 0x135cad28, 0x135cae00, 0x188d1000)
 Metaspace       used 25217K, capacity 25744K, committed 25856K, reserved 25984K
}
Event: 134639.751 GC heap before
{Heap before GC invocations=274 (full 4):
 def new generation   total 68352K, used 61378K [0x04a00000, 0x09420000, 0x0f4a0000)
  eden space 60800K, 100% used [0x04a00000, 0x08560000, 0x08560000)
  from space 7552K,   7% used [0x08560000, 0x085f0bf8, 0x08cc0000)
  to   space 7552K,   0% used [0x08cc0000, 0x08cc0000, 0x09420000)
 tenured generation   total 151748K, used 66731K [0x0f4a0000, 0x188d1000, 0x24a00000)
   the space 151748K,  43% used [0x0f4a0000, 0x135cad28, 0x135cae00, 0x188d1000)
 Metaspace       used 25217K, capacity 25744K, committed 25856K, reserved 25984K
Event: 134639.753 GC heap after
Heap after GC invocations=275 (full 4):
 def new generation   total 68352K, used 568K [0x04a00000, 0x09420000, 0x0f4a0000)
  eden space 60800K,   0% used [0x04a00000, 0x04a00000, 0x08560000)
  from space 7552K,   7% used [0x08cc0000, 0x08d4e270, 0x09420000)
  to   space 7552K,   0% used [0x08560000, 0x08560000, 0x08cc0000)
 tenured generation   total 151748K, used 66743K [0x0f4a0000, 0x188d1000, 0x24a00000)
   the space 151748K,  43% used [0x0f4a0000, 0x135cde38, 0x135ce000, 0x188d1000)
 Metaspace       used 25217K, capacity 25744K, committed 25856K, reserved 25984K
}
Event: 135156.966 GC heap before
{Heap before GC invocations=275 (full 4):
 def new generation   total 68352K, used 61368K [0x04a00000, 0x09420000, 0x0f4a0000)
  eden space 60800K, 100% used [0x04a00000, 0x08560000, 0x08560000)
  from space 7552K,   7% used [0x08cc0000, 0x08d4e270, 0x09420000)
  to   space 7552K,   0% used [0x08560000, 0x08560000, 0x08cc0000)
 tenured generation   total 151748K, used 66743K [0x0f4a0000, 0x188d1000, 0x24a00000)
   the space 151748K,  43% used [0x0f4a0000, 0x135cde38, 0x135ce000, 0x188d1000)
 Metaspace       used 25217K, capacity 25744K, committed 25856K, reserved 25984K
Event: 135156.967 GC heap after
Heap after GC invocations=276 (full 4):
 def new generation   total 68352K, used 905K [0x04a00000, 0x09420000, 0x0f4a0000)
  eden space 60800K,   0% used [0x04a00000, 0x04a00000, 0x08560000)
  from space 7552K,  11% used [0x08560000, 0x08642680, 0x08cc0000)
  to   space 7552K,   0% used [0x08cc0000, 0x08cc0000, 0x09420000)
 tenured generation   total 151748K, used 66752K [0x0f4a0000, 0x188d1000, 0x24a00000)
   the space 151748K,  43% used [0x0f4a0000, 0x135d0188, 0x135d0200, 0x188d1000)
 Metaspace       used 25217K, capacity 25744K, committed 25856K, reserved 25984K
}
Event: 135635.347 GC heap before
{Heap before GC invocations=276 (full 4):
 def new generation   total 68352K, used 61705K [0x04a00000, 0x09420000, 0x0f4a0000)
  eden space 60800K, 100% used [0x04a00000, 0x08560000, 0x08560000)
  from space 7552K,  11% used [0x08560000, 0x08642680, 0x08cc0000)
  to   space 7552K,   0% used [0x08cc0000, 0x08cc0000, 0x09420000)
 tenured generation   total 151748K, used 66752K [0x0f4a0000, 0x188d1000, 0x24a00000)
   the space 151748K,  43% used [0x0f4a0000, 0x135d0188, 0x135d0200, 0x188d1000)
 Metaspace       used 25217K, capacity 25744K, committed 25856K, reserved 25984K
Event: 135635.348 GC heap after
Heap after GC invocations=277 (full 4):
 def new generation   total 68352K, used 917K [0x04a00000, 0x09420000, 0x0f4a0000)
  eden space 60800K,   0% used [0x04a00000, 0x04a00000, 0x08560000)
  from space 7552K,  12% used [0x08cc0000, 0x08da5740, 0x09420000)
  to   space 7552K,   0% used [0x08560000, 0x08560000, 0x08cc0000)
 tenured generation   total 151748K, used 66761K [0x0f4a0000, 0x188d1000, 0x24a00000)
   the space 151748K,  43% used [0x0f4a0000, 0x135d2488, 0x135d2600, 0x188d1000)
 Metaspace       used 25217K, capacity 25744K, committed 25856K, reserved 25984K
}

Deoptimization events (0 events):
No events

Classes redefined (0 events):
No events

Internal exceptions (10 events):
Event: 119587.514 Thread 0x27be6800 Exception <a 'sun/nio/fs/WindowsException'> (0x076abc68) thrown at [C:\workspace\8-2-build-windows-i586-cygwin\jdk8u191\11896\hotspot\src\share\vm\prims\jni.cpp, line 709]
Event: 119587.514 Thread 0x27be6800 Exception <a 'sun/nio/fs/WindowsException'> (0x076ac198) thrown at [C:\workspace\8-2-build-windows-i586-cygwin\jdk8u191\11896\hotspot\src\share\vm\prims\jni.cpp, line 709]
Event: 119587.516 Thread 0x27be6800 Exception <a 'sun/nio/fs/WindowsException'> (0x076bbe00) thrown at [C:\workspace\8-2-build-windows-i586-cygwin\jdk8u191\11896\hotspot\src\share\vm\prims\jni.cpp, line 709]
Event: 119587.516 Thread 0x27be6800 Exception <a 'sun/nio/fs/WindowsException'> (0x076bc330) thrown at [C:\workspace\8-2-build-windows-i586-cygwin\jdk8u191\11896\hotspot\src\share\vm\prims\jni.cpp, line 709]
Event: 119587.519 Thread 0x27be6800 Exception <a 'sun/nio/fs/WindowsException'> (0x076cda88) thrown at [C:\workspace\8-2-build-windows-i586-cygwin\jdk8u191\11896\hotspot\src\share\vm\prims\jni.cpp, line 709]
Event: 119587.520 Thread 0x27be6800 Exception <a 'sun/nio/fs/WindowsException'> (0x076ce198) thrown at [C:\workspace\8-2-build-windows-i586-cygwin\jdk8u191\11896\hotspot\src\share\vm\prims\jni.cpp, line 709]
Event: 119587.520 Thread 0x27be6800 Exception <a 'sun/nio/fs/WindowsException'> (0x076d7fb8) thrown at [C:\workspace\8-2-build-windows-i586-cygwin\jdk8u191\11896\hotspot\src\share\vm\prims\jni.cpp, line 709]
Event: 119587.520 Thread 0x27be6800 Exception <a 'sun/nio/fs/WindowsException'> (0x076d86c8) thrown at [C:\workspace\8-2-build-windows-i586-cygwin\jdk8u191\11896\hotspot\src\share\vm\prims\jni.cpp, line 709]
Event: 119587.521 Thread 0x27be6800 Exception <a 'sun/nio/fs/WindowsException'> (0x076e2420) thrown at [C:\workspace\8-2-build-windows-i586-cygwin\jdk8u191\11896\hotspot\src\share\vm\prims\jni.cpp, line 709]
Event: 119587.521 Thread 0x27be6800 Exception <a 'sun/nio/fs/WindowsException'> (0x076e2b30) thrown at [C:\workspace\8-2-build-windows-i586-cygwin\jdk8u191\11896\hotspot\src\share\vm\prims\jni.cpp, line 709]

Events (10 events):
Event: 136185.034 Thread 0x25afe000 flushing nmethod 0x0284b848
Event: 136185.034 Thread 0x25afe000 flushing nmethod 0x028534c8
Event: 136193.206 Thread 0x25afe000 flushing nmethod 0x0289b808
Event: 136193.206 Thread 0x25afe000 flushing nmethod 0x02950988
Event: 136201.365 Thread 0x25afe000 flushing nmethod 0x029831c8
Event: 136201.365 Thread 0x25afe000 flushing nmethod 0x029c65c8
Event: 136201.365 Thread 0x25afe000 flushing nmethod 0x02a86348
Event: 136205.005 Thread 0x25afe000 flushing nmethod 0x0285a048
Event: 136205.005 Thread 0x25afe000 flushing nmethod 0x02872bc8
Event: 136205.006 Thread 0x25afe000 flushing nmethod 0x02949488


Dynamic libraries:
0x00f50000 - 0x00f83000 	C:\Program Files (x86)\Arduino\java\bin\javaw.exe
0x770a0000 - 0x77243000 	C:\Windows\SYSTEM32\ntdll.dll
0x75b60000 - 0x75c50000 	C:\Windows\System32\KERNEL32.DLL
0x762c0000 - 0x764d4000 	C:\Windows\System32\KERNELBASE.dll
0x76e90000 - 0x76f0a000 	C:\Windows\System32\ADVAPI32.dll
0x75800000 - 0x758bf000 	C:\Windows\System32\msvcrt.dll
0x75dd0000 - 0x75e45000 	C:\Windows\System32\sechost.dll
0x764e0000 - 0x765a0000 	C:\Windows\System32\RPCRT4.dll
0x75ec0000 - 0x76056000 	C:\Windows\System32\USER32.dll
0x768c0000 - 0x768d8000 	C:\Windows\System32\win32u.dll
0x760a0000 - 0x760c3000 	C:\Windows\System32\GDI32.dll
0x765a0000 - 0x7667c000 	C:\Windows\System32\gdi32full.dll
0x760d0000 - 0x7614b000 	C:\Windows\System32\msvcp_win.dll
0x76f10000 - 0x77030000 	C:\Windows\System32\ucrtbase.dll
0x6da50000 - 0x6dc60000 	C:\Windows\WinSxS\x86_microsoft.windows.common-controls_6595b64144ccf1df_6.0.19041.844_none_11adecdf30011423\COMCTL32.dll
0x75da0000 - 0x75dc5000 	C:\Windows\System32\IMM32.DLL
0x6c440000 - 0x6c4ff000 	C:\Program Files (x86)\Arduino\java\bin\msvcr100.dll
0x77c20000 - 0x77ff3000 	C:\Program Files (x86)\Arduino\java\bin\client\jvm.dll
0x75eb0000 - 0x75eb6000 	C:\Windows\System32\PSAPI.DLL
0x6d340000 - 0x6d348000 	C:\Windows\SYSTEM32\WSOCK32.dll
0x74a80000 - 0x74a88000 	C:\Windows\SYSTEM32\VERSION.dll
0x74e90000 - 0x74eb8000 	C:\Windows\SYSTEM32\WINMM.dll
0x75600000 - 0x75663000 	C:\Windows\System32\WS2_32.dll
0x6cd10000 - 0x6cd40000 	C:\Program Files (x86)\Arduino\java\bin\splashscreen.dll
0x73db0000 - 0x73e24000 	C:\Windows\system32\uxtheme.dll
0x758d0000 - 0x75b52000 	C:\Windows\System32\combase.dll
0x6dd40000 - 0x6dd4c000 	C:\Program Files (x86)\Arduino\java\bin\verify.dll
0x6c410000 - 0x6c432000 	C:\Program Files (x86)\Arduino\java\bin\java.dll
0x76150000 - 0x76223000 	C:\Windows\System32\MSCTF.dll
0x75cb0000 - 0x75d46000 	C:\Windows\System32\OLEAUT32.dll
0x6dc60000 - 0x6dc74000 	C:\Program Files (x86)\Arduino\java\bin\zip.dll
0x746c0000 - 0x746cf000 	C:\Windows\SYSTEM32\kernel.appcore.dll
0x76860000 - 0x768bd000 	C:\Windows\System32\bcryptPrimitives.dll
0x606b0000 - 0x60769000 	C:\Windows\SYSTEM32\textinputframework.dll
0x60390000 - 0x6060e000 	C:\Windows\System32\CoreUIComponents.dll
0x60610000 - 0x606ab000 	C:\Windows\System32\CoreMessaging.dll
0x76680000 - 0x76707000 	C:\Windows\System32\SHCORE.dll
0x73710000 - 0x73739000 	C:\Windows\SYSTEM32\ntmarta.dll
0x62010000 - 0x620eb000 	C:\Windows\SYSTEM32\wintypes.dll
0x75040000 - 0x755f3000 	C:\Windows\System32\SHELL32.dll
0x737a0000 - 0x73da9000 	C:\Windows\SYSTEM32\windows.storage.dll
0x73740000 - 0x73764000 	C:\Windows\SYSTEM32\Wldp.dll
0x76710000 - 0x76755000 	C:\Windows\System32\shlwapi.dll
0x72110000 - 0x72128000 	C:\Windows\SYSTEM32\profapi.dll
0x265c0000 - 0x26633000 	C:\Program Files (x86)\Arduino\lib\listSerialsj.dll
0x768e0000 - 0x76d15000 	C:\Windows\System32\SETUPAPI.dll
0x76060000 - 0x7609b000 	C:\Windows\System32\cfgmgr32.dll
0x76790000 - 0x767a9000 	C:\Windows\System32\bcrypt.dll
0x6c3f0000 - 0x6c40d000 	C:\Program Files (x86)\Arduino\lib\jnidispatch-4.2.2-win32-x86.dll
0x74f50000 - 0x75033000 	C:\Windows\System32\Ole32.dll
0x6c3d0000 - 0x6c3e5000 	C:\Program Files (x86)\Arduino\java\bin\net.dll
0x72130000 - 0x72182000 	C:\Windows\system32\mswsock.dll
0x6d020000 - 0x6d02f000 	C:\Program Files (x86)\Arduino\java\bin\nio.dll
0x51980000 - 0x51ac7000 	C:\Program Files (x86)\Arduino\java\bin\awt.dll
0x6d370000 - 0x6d40f000 	C:\Windows\SYSTEM32\apphelp.dll
0x73770000 - 0x73796000 	C:\Windows\system32\DWMAPI.DLL
0x6c390000 - 0x6c3c9000 	C:\Program Files (x86)\Arduino\java\bin\fontmanager.dll
0x51870000 - 0x51974000 	C:\Windows\system32\opengl32.dll
0x6c350000 - 0x6c38f000 	C:\Windows\SYSTEM32\GLU32.dll
0x6c310000 - 0x6c342000 	C:\Program Files (x86)\Arduino\java\bin\t2k.dll
0x6c300000 - 0x6c30a000 	C:\Program Files (x86)\Arduino\java\bin\management.dll
0x6ccc0000 - 0x6ccd1000 	C:\Windows\system32\napinsp.dll
0x6ca20000 - 0x6ca36000 	C:\Windows\system32\pnrpnsp.dll
0x6ca10000 - 0x6ca20000 	C:\Windows\system32\wshbth.dll
0x7b5d0000 - 0x7b5e6000 	C:\Windows\system32\NLAapi.dll
0x74e30000 - 0x74e62000 	C:\Windows\SYSTEM32\IPHLPAPI.DLL
0x6e0a0000 - 0x6e132000 	C:\Windows\SYSTEM32\DNSAPI.dll
0x758c0000 - 0x758c7000 	C:\Windows\System32\NSI.dll
0x6c040000 - 0x6c04e000 	C:\Windows\System32\winrnr.dll
0x6ded0000 - 0x6df28000 	C:\Windows\System32\fwpuclnt.dll
0x6df30000 - 0x6df38000 	C:\Windows\System32\rasadhlp.dll
0x72040000 - 0x72054000 	C:\Windows\SYSTEM32\dhcpcsvc6.DLL
0x746d0000 - 0x746e6000 	C:\Windows\SYSTEM32\dhcpcsvc.DLL
0x720f0000 - 0x72103000 	C:\Windows\SYSTEM32\CRYPTSP.dll
0x720b0000 - 0x720df000 	C:\Windows\system32\rsaenh.dll
0x74a90000 - 0x74ab5000 	C:\Windows\SYSTEM32\USERENV.dll
0x74870000 - 0x7487a000 	C:\Windows\SYSTEM32\CRYPTBASE.dll
0x587b0000 - 0x587d4000 	C:\Windows\SYSTEM32\DEVOBJ.dll
0x75d50000 - 0x75d97000 	C:\Windows\System32\WINTRUST.dll
0x75670000 - 0x75771000 	C:\Windows\System32\CRYPT32.dll
0x73f00000 - 0x73f0e000 	C:\Windows\SYSTEM32\MSASN1.dll
0x51800000 - 0x51869000 	C:\Program Files (x86)\Arduino\msvcp100.dll
0x51740000 - 0x517fe000 	C:\Program Files (x86)\Arduino\msvcr100.dll
0x28ab0000 - 0x28ae2000 	C:\Program Files (x86)\Arduino\lib\AStylej.dll
0x6c2d0000 - 0x6c2f4000 	C:\Program Files (x86)\Arduino\java\bin\dcpr.dll
0x75780000 - 0x757fe000 	C:\Windows\System32\clbcatq.dll
0x58300000 - 0x58471000 	C:\Windows\SYSTEM32\WindowsCodecs.dll
0x5dcd0000 - 0x5dd01000 	C:\Windows\system32\dataexchange.dll
0x5db60000 - 0x5dcc4000 	C:\Windows\system32\dcomp.dll
0x660e0000 - 0x662c0000 	C:\Windows\system32\d3d11.dll
0x6ce20000 - 0x6cee2000 	C:\Windows\system32\dxgi.dll
0x61aa0000 - 0x61c2f000 	C:\Windows\system32\twinapi.appcore.dll
0x6c2b0000 - 0x6c2d0000 	C:\Program Files (x86)\Arduino\java\bin\sunec.dll
0x6c070000 - 0x6c079000 	C:\Program Files (x86)\Arduino\java\bin\sunmscapi.dll
0x006e0000 - 0x006fb000 	C:\Program Files (x86)\Arduino\lib\jSSC-2.8_x86.dll

VM Arguments:
jvm_args: -Dsun.java2d.d3d=false -Djna.nosys=true -Djna.nounpack=true -Djna.boot.library.name=jnidispatch-4.2.2-win32-x86 -Djna.boot.library.path=C:\Program Files (x86)\Arduino/lib -Djssc.library.path=C:\Program Files (x86)\Arduino/lib -DAPP_DIR=C:\Program Files (x86)\Arduino -Xms128M -Xmx512M -Dfile.encoding=UTF8 -Djava.net.preferIPv4Stack=true 
java_command: processing.app.Base C:\Users\zholbar1\Documents\microgrid_testbed\APRA-E MST project\Q4\Arduino\Node12_modbus\Node12_modbus.ino
java_class_path (initial): C:\Program Files (x86)\Arduino\lib\apple.jar;C:\Program Files (x86)\Arduino\lib\arduino-core.jar;C:\Program Files (x86)\Arduino\lib\batik-1.8.jar;C:\Program Files (x86)\Arduino\lib\batik-anim-1.8.jar;C:\Program Files (x86)\Arduino\lib\batik-awt-util-1.8.jar;C:\Program Files (x86)\Arduino\lib\batik-bridge-1.8.jar;C:\Program Files (x86)\Arduino\lib\batik-codec-1.8.jar;C:\Program Files (x86)\Arduino\lib\batik-css-1.8.jar;C:\Program Files (x86)\Arduino\lib\batik-dom-1.8.jar;C:\Program Files (x86)\Arduino\lib\batik-ext-1.8.jar;C:\Program Files (x86)\Arduino\lib\batik-gvt-1.8.jar;C:\Program Files (x86)\Arduino\lib\batik-parser-1.8.jar;C:\Program Files (x86)\Arduino\lib\batik-rasterizer-1.8.jar;C:\Program Files (x86)\Arduino\lib\batik-script-1.8.jar;C:\Program Files (x86)\Arduino\lib\batik-squiggle-1.8.jar;C:\Program Files (x86)\Arduino\lib\batik-svg-dom-1.8.jar;C:\Program Files (x86)\Arduino\lib\batik-svgpp-1.8.jar;C:\Program Files (x86)\Arduino\lib\batik-transcoder-1.8.jar;C:\Program Files (x86)\Arduino\lib\batik-util-1.8.jar;C:\Program Files (x86)\Arduino\lib\batik-xml-1.8.jar;C:\Program Files (x86)\Arduino\lib\bcpg-jdk15on-152.jar;C:\Program Files (x86)\Arduino\lib\bcprov-jdk15on-152.jar;C:\Program Files (x86)\Arduino\lib\commons-codec-1.7.jar;C:\Program Files (x86)\Arduino\lib\commons-compress-1.8.jar;C:\Program Files (x86)\Arduino\lib\commons-exec-1.1.jar;C:\Program Files (x86)\Arduino\lib\commons-httpclient-3.1.jar;C:\Program Files (x86)\Arduino\lib\commons-lang3-3.8.1.jar;C:\Program Files (x86)\Arduino\lib\commons-logging-1.0.4.jar;C:\Program Files (x86)\Arduino\lib\commons-net-3.3.jar;C:\Program Files (x86)\Arduino\lib\commons-io-2.6.jar;C:\Program Files (x86)\Arduino\lib\jackson-annotations-2.9.5.jar;C:\Program Files (x86)\Arduino\lib\jackson-core-2.9.5.jar;C:\Program Files (x86)\Arduino\lib\jackson-databind-2.9.5.jar;C:\Program Files (x86)\Arduino\lib\java-semver-0.8.0.jar;C:\Program Files (x86)\Arduino\lib\jmdns-3.5.5.jar;C:\Program
Launcher Type: SUN_STANDARD

Environment Variables:
PATH=C:\Program Files\Typhoon HIL Control Center 2021.2\bin\;C:\Windows\system32;C:\Windows;C:\Windows\System32\Wbem;C:\Windows\System32\WindowsPowerShell\v1.0\;C:\Windows\System32\OpenSSH\;C:\Program Files (x86)\Wolfram Research\WolframScript\;C:\Program Files\MATLAB\R2020a\runtime\win64;C:\Program Files\MATLAB\R2020a\bin;C:\Program Files\Microsoft SQL Server\120\Tools\Binn\;C:\Program Files (x86)\Intel\Intel(R) Management Engine Components\DAL;C:\Program Files\Intel\Intel(R) Management Engine Components\DAL;C:\Program Files\Git\cmd;C:\Users\zholbar1\AppData\Local\Microsoft\WindowsApps;;C:\Program Files (x86)\Arduino\java\bin
USERNAME=zholbar1
OS=Windows_NT
PROCESSOR_IDENTIFIER=Intel64 Family 6 Model 158 Stepping 9, GenuineIntel



---------------  S Y S T E M  ---------------

OS: Windows 10.0 , 64 bit Build 19041 (10.0.19041.928)

CPU:total 8 (initial active 8) (4 cores per cpu, 2 threads per core) family 6 model 158 stepping 9, cmov, cx8, fxsr, mmx, sse, sse2, sse3, ssse3, sse4.1, sse4.2, popcnt, avx, avx2, aes, clmul, erms, rtm, 3dnowpref, lzcnt, ht, tsc, tscinvbit, bmi1, bmi2, adx

Memory: 4k page, physical 16666184k(5164036k free), swap 36807996k(6673440k free)

vm_info: Java HotSpot(TM) Client VM (25.191-b12) for windows-x86 JRE (1.8.0_191-b12), built on Oct  6 2018 08:34:23 by "java_re" with MS VC++ 10.0 (VS2010)

time: Wed May 19 23:26:07 2021
elapsed time: 136205 seconds (1d 13h 50m 5s)

